2020-11-02 22:02:56.360 [ main ] - [ DEBUG ] [ o.s.test.context.junit4.SpringJUnit4ClassRunner : 139 ] - SpringJUnit4ClassRunner constructor called with [class com.onlyone.UserMapperTest]
2020-11-02 22:02:56.367 [ main ] - [ DEBUG ] [ org.springframework.test.context.BootstrapUtils : 96 ] - Instantiating CacheAwareContextLoaderDelegate from class [org.springframework.test.context.cache.DefaultCacheAwareContextLoaderDelegate]
2020-11-02 22:02:56.382 [ main ] - [ DEBUG ] [ org.springframework.test.context.BootstrapUtils : 79 ] - Instantiating BootstrapContext using constructor [public org.springframework.test.context.support.DefaultBootstrapContext(java.lang.Class,org.springframework.test.context.CacheAwareContextLoaderDelegate)]
2020-11-02 22:02:56.428 [ main ] - [ DEBUG ] [ org.springframework.test.context.BootstrapUtils : 132 ] - Instantiating TestContextBootstrapper for test class [com.onlyone.UserMapperTest] from class [org.springframework.boot.test.context.SpringBootTestContextBootstrapper]
2020-11-02 22:02:56.490 [ main ] - [ INFO  ] [ o.s.b.t.context.SpringBootTestContextBootstrapper : 308 ] - Neither @ContextConfiguration nor @ContextHierarchy found for test class [com.onlyone.UserMapperTest], using SpringBootContextLoader
2020-11-02 22:02:56.500 [ main ] - [ DEBUG ] [ o.s.test.context.support.AbstractContextLoader : 258 ] - Did not detect default resource location for test class [com.onlyone.UserMapperTest]: class path resource [com/onlyone/UserMapperTest-context.xml] does not exist
2020-11-02 22:02:56.501 [ main ] - [ DEBUG ] [ o.s.test.context.support.AbstractContextLoader : 258 ] - Did not detect default resource location for test class [com.onlyone.UserMapperTest]: class path resource [com/onlyone/UserMapperTestContext.groovy] does not exist
2020-11-02 22:02:56.502 [ main ] - [ INFO  ] [ o.s.test.context.support.AbstractContextLoader : 264 ] - Could not detect default resource locations for test class [com.onlyone.UserMapperTest]: no resource found for suffixes {-context.xml, Context.groovy}.
2020-11-02 22:02:56.607 [ main ] - [ DEBUG ] [ o.s.test.context.support.ActiveProfilesUtils : 79 ] - Could not find an 'annotation declaring class' for annotation type [org.springframework.test.context.ActiveProfiles] and class [com.onlyone.UserMapperTest]
2020-11-02 22:02:56.909 [ main ] - [ DEBUG ] [ o.s.b.t.context.SpringBootTestContextBootstrapper : 125 ] - @TestExecutionListeners is not present for class [com.onlyone.UserMapperTest]: using defaults.
2020-11-02 22:02:56.910 [ main ] - [ INFO  ] [ o.s.b.t.context.SpringBootTestContextBootstrapper : 248 ] - Loaded default TestExecutionListener class names from location [META-INF/spring.factories]: [org.springframework.boot.test.mock.mockito.MockitoTestExecutionListener, org.springframework.boot.test.mock.mockito.ResetMocksTestExecutionListener, org.springframework.boot.test.autoconfigure.restdocs.RestDocsTestExecutionListener, org.springframework.boot.test.autoconfigure.web.client.MockRestServiceServerResetTestExecutionListener, org.springframework.boot.test.autoconfigure.web.servlet.MockMvcPrintOnlyOnFailureTestExecutionListener, org.springframework.boot.test.autoconfigure.web.servlet.WebDriverTestExecutionListener, org.springframework.test.context.web.ServletTestExecutionListener, org.springframework.test.context.support.DirtiesContextBeforeModesTestExecutionListener, org.springframework.test.context.support.DependencyInjectionTestExecutionListener, org.springframework.test.context.support.DirtiesContextTestExecutionListener, org.springframework.test.context.transaction.TransactionalTestExecutionListener, org.springframework.test.context.jdbc.SqlScriptsTestExecutionListener]
2020-11-02 22:02:56.931 [ main ] - [ INFO  ] [ o.s.b.t.context.SpringBootTestContextBootstrapper : 177 ] - Using TestExecutionListeners: [org.springframework.test.context.web.ServletTestExecutionListener@7e6f74c, org.springframework.test.context.support.DirtiesContextBeforeModesTestExecutionListener@dd05255, org.springframework.boot.test.mock.mockito.MockitoTestExecutionListener@6a78afa0, org.springframework.boot.test.autoconfigure.SpringBootDependencyInjectionTestExecutionListener@2f4948e4, org.springframework.test.context.support.DirtiesContextTestExecutionListener@1f2586d6, org.springframework.test.context.transaction.TransactionalTestExecutionListener@10683d9d, org.springframework.test.context.jdbc.SqlScriptsTestExecutionListener@3fc2959f, org.springframework.boot.test.mock.mockito.ResetMocksTestExecutionListener@5aa9e4eb, org.springframework.boot.test.autoconfigure.restdocs.RestDocsTestExecutionListener@6989da5e, org.springframework.boot.test.autoconfigure.web.client.MockRestServiceServerResetTestExecutionListener@385c9627, org.springframework.boot.test.autoconfigure.web.servlet.MockMvcPrintOnlyOnFailureTestExecutionListener@139982de, org.springframework.boot.test.autoconfigure.web.servlet.WebDriverTestExecutionListener@682b2fa]
2020-11-02 22:02:56.933 [ main ] - [ DEBUG ] [ o.s.test.annotation.ProfileValueUtils : 70 ] - Retrieved @ProfileValueSourceConfiguration [null] for test class [com.onlyone.UserMapperTest]
2020-11-02 22:02:56.934 [ main ] - [ DEBUG ] [ o.s.test.annotation.ProfileValueUtils : 83 ] - Retrieved ProfileValueSource type [class org.springframework.test.annotation.SystemProfileValueSource] for class [com.onlyone.UserMapperTest]
2020-11-02 22:02:56.941 [ main ] - [ DEBUG ] [ o.s.test.annotation.ProfileValueUtils : 70 ] - Retrieved @ProfileValueSourceConfiguration [null] for test class [com.onlyone.UserMapperTest]
2020-11-02 22:02:56.942 [ main ] - [ DEBUG ] [ o.s.test.annotation.ProfileValueUtils : 83 ] - Retrieved ProfileValueSource type [class org.springframework.test.annotation.SystemProfileValueSource] for class [com.onlyone.UserMapperTest]
2020-11-02 22:02:56.943 [ main ] - [ DEBUG ] [ o.s.test.annotation.ProfileValueUtils : 70 ] - Retrieved @ProfileValueSourceConfiguration [null] for test class [com.onlyone.UserMapperTest]
2020-11-02 22:02:56.944 [ main ] - [ DEBUG ] [ o.s.test.annotation.ProfileValueUtils : 83 ] - Retrieved ProfileValueSource type [class org.springframework.test.annotation.SystemProfileValueSource] for class [com.onlyone.UserMapperTest]
2020-11-02 22:02:56.945 [ main ] - [ DEBUG ] [ o.s.test.annotation.ProfileValueUtils : 70 ] - Retrieved @ProfileValueSourceConfiguration [null] for test class [com.onlyone.UserMapperTest]
2020-11-02 22:02:56.945 [ main ] - [ DEBUG ] [ o.s.test.annotation.ProfileValueUtils : 83 ] - Retrieved ProfileValueSource type [class org.springframework.test.annotation.SystemProfileValueSource] for class [com.onlyone.UserMapperTest]
2020-11-02 22:02:56.949 [ main ] - [ DEBUG ] [ o.s.t.c.s.AbstractDirtiesContextTestExecutionListener : 142 ] - Before test class: context [DefaultTestContext@710f4dc7 testClass = UserMapperTest, testInstance = [null], testMethod = [null], testException = [null], mergedContextConfiguration = [WebMergedContextConfiguration@1ff4931d testClass = UserMapperTest, locations = '{}', classes = '{class com.weiguanjishu.StartApplication, class com.weiguanjishu.StartApplication}', contextInitializerClasses = '[]', activeProfiles = '{}', propertySourceLocations = '{}', propertySourceProperties = '{org.springframework.boot.test.context.SpringBootTestContextBootstrapper=true}', contextCustomizers = set[org.springframework.boot.test.context.filter.ExcludeFilterContextCustomizer@49070868, org.springframework.boot.test.json.DuplicateJsonObjectContextCustomizerFactory$DuplicateJsonObjectContextCustomizer@28c4711c, org.springframework.boot.test.mock.mockito.MockitoContextCustomizer@0, org.springframework.boot.test.web.client.TestRestTemplateContextCustomizer@3f200884, org.springframework.boot.test.autoconfigure.properties.PropertyMappingContextCustomizer@0, org.springframework.boot.test.autoconfigure.web.servlet.WebDriverContextCustomizerFactory$Customizer@51931956], resourceBasePath = 'src/main/webapp', contextLoader = 'org.springframework.boot.test.context.SpringBootContextLoader', parent = [null]], attributes = map['org.springframework.test.context.web.ServletTestExecutionListener.activateListener' -> true]], class annotated with @DirtiesContext [false] with mode [null].
2020-11-02 22:02:56.950 [ main ] - [ DEBUG ] [ o.s.test.annotation.ProfileValueUtils : 70 ] - Retrieved @ProfileValueSourceConfiguration [null] for test class [com.onlyone.UserMapperTest]
2020-11-02 22:02:56.950 [ main ] - [ DEBUG ] [ o.s.test.annotation.ProfileValueUtils : 83 ] - Retrieved ProfileValueSource type [class org.springframework.test.annotation.SystemProfileValueSource] for class [com.onlyone.UserMapperTest]
2020-11-02 22:02:56.976 [ main ] - [ DEBUG ] [ o.s.test.context.support.TestPropertySourceUtils : 245 ] - Adding inlined properties to environment: {spring.jmx.enabled=false, org.springframework.boot.test.context.SpringBootTestContextBootstrapper=true, server.port=-1}
2020-11-02 22:02:57.106 [ main ] - [ DEBUG ] [ o.s.b.c.l.ClasspathLoggingApplicationListener : 56 ] - Application failed to start with classpath: [file:/Applications/IntelliJ%20IDEA.app/Contents/lib/idea_rt.jar, file:/Applications/IntelliJ%20IDEA.app/Contents/plugins/junit/lib/junit5-rt.jar, file:/Applications/IntelliJ%20IDEA.app/Contents/plugins/junit/lib/junit-rt.jar, file:/Library/Java/JavaVirtualMachines/jdk1.8.0_45.jdk/Contents/Home/jre/lib/charsets.jar, file:/Library/Java/JavaVirtualMachines/jdk1.8.0_45.jdk/Contents/Home/jre/lib/deploy.jar, file:/Library/Java/JavaVirtualMachines/jdk1.8.0_45.jdk/Contents/Home/jre/lib/ext/cldrdata.jar, file:/Library/Java/JavaVirtualMachines/jdk1.8.0_45.jdk/Contents/Home/jre/lib/ext/dnsns.jar, file:/Library/Java/JavaVirtualMachines/jdk1.8.0_45.jdk/Contents/Home/jre/lib/ext/jfxrt.jar, file:/Library/Java/JavaVirtualMachines/jdk1.8.0_45.jdk/Contents/Home/jre/lib/ext/localedata.jar, file:/Library/Java/JavaVirtualMachines/jdk1.8.0_45.jdk/Contents/Home/jre/lib/ext/nashorn.jar, file:/Library/Java/JavaVirtualMachines/jdk1.8.0_45.jdk/Contents/Home/jre/lib/ext/sunec.jar, file:/Library/Java/JavaVirtualMachines/jdk1.8.0_45.jdk/Contents/Home/jre/lib/ext/sunjce_provider.jar, file:/Library/Java/JavaVirtualMachines/jdk1.8.0_45.jdk/Contents/Home/jre/lib/ext/sunpkcs11.jar, file:/Library/Java/JavaVirtualMachines/jdk1.8.0_45.jdk/Contents/Home/jre/lib/ext/zipfs.jar, file:/Library/Java/JavaVirtualMachines/jdk1.8.0_45.jdk/Contents/Home/jre/lib/javaws.jar, file:/Library/Java/JavaVirtualMachines/jdk1.8.0_45.jdk/Contents/Home/jre/lib/jce.jar, file:/Library/Java/JavaVirtualMachines/jdk1.8.0_45.jdk/Contents/Home/jre/lib/jfr.jar, file:/Library/Java/JavaVirtualMachines/jdk1.8.0_45.jdk/Contents/Home/jre/lib/jfxswt.jar, file:/Library/Java/JavaVirtualMachines/jdk1.8.0_45.jdk/Contents/Home/jre/lib/jsse.jar, file:/Library/Java/JavaVirtualMachines/jdk1.8.0_45.jdk/Contents/Home/jre/lib/management-agent.jar, file:/Library/Java/JavaVirtualMachines/jdk1.8.0_45.jdk/Contents/Home/jre/lib/plugin.jar, file:/Library/Java/JavaVirtualMachines/jdk1.8.0_45.jdk/Contents/Home/jre/lib/resources.jar, file:/Library/Java/JavaVirtualMachines/jdk1.8.0_45.jdk/Contents/Home/jre/lib/rt.jar, file:/Library/Java/JavaVirtualMachines/jdk1.8.0_45.jdk/Contents/Home/lib/ant-javafx.jar, file:/Library/Java/JavaVirtualMachines/jdk1.8.0_45.jdk/Contents/Home/lib/dt.jar, file:/Library/Java/JavaVirtualMachines/jdk1.8.0_45.jdk/Contents/Home/lib/javafx-mx.jar, file:/Library/Java/JavaVirtualMachines/jdk1.8.0_45.jdk/Contents/Home/lib/jconsole.jar, file:/Library/Java/JavaVirtualMachines/jdk1.8.0_45.jdk/Contents/Home/lib/packager.jar, file:/Library/Java/JavaVirtualMachines/jdk1.8.0_45.jdk/Contents/Home/lib/sa-jdi.jar, file:/Library/Java/JavaVirtualMachines/jdk1.8.0_45.jdk/Contents/Home/lib/tools.jar, file:/Users/onlyone/open-github/p/spring-boot-bulking/spring-boot-bulking-mybatis/target/test-classes/, file:/Users/onlyone/open-github/p/spring-boot-bulking/spring-boot-bulking-mybatis/target/classes/, file:/Users/onlyone/M2/org/springframework/boot/spring-boot-starter-web/2.1.5.RELEASE/spring-boot-starter-web-2.1.5.RELEASE.jar, file:/Users/onlyone/M2/org/springframework/boot/spring-boot-starter-json/2.1.5.RELEASE/spring-boot-starter-json-2.1.5.RELEASE.jar, file:/Users/onlyone/M2/com/fasterxml/jackson/core/jackson-databind/2.9.8/jackson-databind-2.9.8.jar, file:/Users/onlyone/M2/com/fasterxml/jackson/core/jackson-annotations/2.9.0/jackson-annotations-2.9.0.jar, file:/Users/onlyone/M2/com/fasterxml/jackson/core/jackson-core/2.9.8/jackson-core-2.9.8.jar, file:/Users/onlyone/M2/com/fasterxml/jackson/datatype/jackson-datatype-jdk8/2.9.8/jackson-datatype-jdk8-2.9.8.jar, file:/Users/onlyone/M2/com/fasterxml/jackson/datatype/jackson-datatype-jsr310/2.9.8/jackson-datatype-jsr310-2.9.8.jar, file:/Users/onlyone/M2/com/fasterxml/jackson/module/jackson-module-parameter-names/2.9.8/jackson-module-parameter-names-2.9.8.jar, file:/Users/onlyone/M2/org/springframework/boot/spring-boot-starter-tomcat/2.1.5.RELEASE/spring-boot-starter-tomcat-2.1.5.RELEASE.jar, file:/Users/onlyone/M2/org/apache/tomcat/embed/tomcat-embed-core/9.0.19/tomcat-embed-core-9.0.19.jar, file:/Users/onlyone/M2/org/apache/tomcat/embed/tomcat-embed-el/9.0.19/tomcat-embed-el-9.0.19.jar, file:/Users/onlyone/M2/org/apache/tomcat/embed/tomcat-embed-websocket/9.0.19/tomcat-embed-websocket-9.0.19.jar, file:/Users/onlyone/M2/org/hibernate/validator/hibernate-validator/6.0.16.Final/hibernate-validator-6.0.16.Final.jar, file:/Users/onlyone/M2/javax/validation/validation-api/2.0.1.Final/validation-api-2.0.1.Final.jar, file:/Users/onlyone/M2/org/jboss/logging/jboss-logging/3.3.2.Final/jboss-logging-3.3.2.Final.jar, file:/Users/onlyone/M2/com/fasterxml/classmate/1.4.0/classmate-1.4.0.jar, file:/Users/onlyone/M2/org/springframework/spring-web/5.1.7.RELEASE/spring-web-5.1.7.RELEASE.jar, file:/Users/onlyone/M2/org/springframework/spring-beans/5.1.7.RELEASE/spring-beans-5.1.7.RELEASE.jar, file:/Users/onlyone/M2/org/springframework/spring-webmvc/5.1.7.RELEASE/spring-webmvc-5.1.7.RELEASE.jar, file:/Users/onlyone/M2/org/springframework/spring-aop/5.1.7.RELEASE/spring-aop-5.1.7.RELEASE.jar, file:/Users/onlyone/M2/org/springframework/spring-context/5.1.7.RELEASE/spring-context-5.1.7.RELEASE.jar, file:/Users/onlyone/M2/org/springframework/spring-expression/5.1.7.RELEASE/spring-expression-5.1.7.RELEASE.jar, file:/Users/onlyone/M2/mysql/mysql-connector-java/8.0.16/mysql-connector-java-8.0.16.jar, file:/Users/onlyone/M2/org/mybatis/spring/boot/mybatis-spring-boot-starter/1.3.0/mybatis-spring-boot-starter-1.3.0.jar, file:/Users/onlyone/M2/org/springframework/boot/spring-boot-starter-jdbc/2.1.5.RELEASE/spring-boot-starter-jdbc-2.1.5.RELEASE.jar, file:/Users/onlyone/M2/com/zaxxer/HikariCP/3.2.0/HikariCP-3.2.0.jar, file:/Users/onlyone/M2/org/springframework/spring-jdbc/5.1.7.RELEASE/spring-jdbc-5.1.7.RELEASE.jar, file:/Users/onlyone/M2/org/springframework/spring-tx/5.1.7.RELEASE/spring-tx-5.1.7.RELEASE.jar, file:/Users/onlyone/M2/org/mybatis/spring/boot/mybatis-spring-boot-autoconfigure/1.3.0/mybatis-spring-boot-autoconfigure-1.3.0.jar, file:/Users/onlyone/M2/org/mybatis/mybatis/3.4.4/mybatis-3.4.4.jar, file:/Users/onlyone/M2/org/mybatis/mybatis-spring/1.3.1/mybatis-spring-1.3.1.jar, file:/Users/onlyone/M2/com/github/pagehelper/pagehelper-spring-boot-starter/1.1.1/pagehelper-spring-boot-starter-1.1.1.jar, file:/Users/onlyone/M2/com/github/pagehelper/pagehelper-spring-boot-autoconfigure/1.1.1/pagehelper-spring-boot-autoconfigure-1.1.1.jar, file:/Users/onlyone/M2/com/github/pagehelper/pagehelper/5.0.1/pagehelper-5.0.1.jar, file:/Users/onlyone/M2/com/github/jsqlparser/jsqlparser/0.9.5/jsqlparser-0.9.5.jar, file:/Users/onlyone/M2/com/alibaba/fastjson/1.2.31/fastjson-1.2.31.jar, file:/Users/onlyone/M2/org/springframework/boot/spring-boot-starter-test/2.1.5.RELEASE/spring-boot-starter-test-2.1.5.RELEASE.jar, file:/Users/onlyone/M2/org/springframework/boot/spring-boot-test/2.1.5.RELEASE/spring-boot-test-2.1.5.RELEASE.jar, file:/Users/onlyone/M2/org/springframework/boot/spring-boot-test-autoconfigure/2.1.5.RELEASE/spring-boot-test-autoconfigure-2.1.5.RELEASE.jar, file:/Users/onlyone/M2/com/jayway/jsonpath/json-path/2.4.0/json-path-2.4.0.jar, file:/Users/onlyone/M2/net/minidev/json-smart/2.3/json-smart-2.3.jar, file:/Users/onlyone/M2/net/minidev/accessors-smart/1.2/accessors-smart-1.2.jar, file:/Users/onlyone/M2/org/ow2/asm/asm/5.0.4/asm-5.0.4.jar, file:/Users/onlyone/M2/org/slf4j/slf4j-api/1.7.26/slf4j-api-1.7.26.jar, file:/Users/onlyone/M2/junit/junit/4.12/junit-4.12.jar, file:/Users/onlyone/M2/org/assertj/assertj-core/3.11.1/assertj-core-3.11.1.jar, file:/Users/onlyone/M2/org/mockito/mockito-core/2.23.4/mockito-core-2.23.4.jar, file:/Users/onlyone/M2/net/bytebuddy/byte-buddy/1.9.12/byte-buddy-1.9.12.jar, file:/Users/onlyone/M2/net/bytebuddy/byte-buddy-agent/1.9.12/byte-buddy-agent-1.9.12.jar, file:/Users/onlyone/M2/org/objenesis/objenesis/2.6/objenesis-2.6.jar, file:/Users/onlyone/M2/org/hamcrest/hamcrest-core/1.3/hamcrest-core-1.3.jar, file:/Users/onlyone/M2/org/hamcrest/hamcrest-library/1.3/hamcrest-library-1.3.jar, file:/Users/onlyone/M2/org/skyscreamer/jsonassert/1.5.0/jsonassert-1.5.0.jar, file:/Users/onlyone/M2/com/vaadin/external/google/android-json/0.0.20131108.vaadin1/android-json-0.0.20131108.vaadin1.jar, file:/Users/onlyone/M2/org/springframework/spring-core/5.1.7.RELEASE/spring-core-5.1.7.RELEASE.jar, file:/Users/onlyone/M2/org/springframework/spring-jcl/5.1.7.RELEASE/spring-jcl-5.1.7.RELEASE.jar, file:/Users/onlyone/M2/org/springframework/spring-test/5.1.7.RELEASE/spring-test-5.1.7.RELEASE.jar, file:/Users/onlyone/M2/org/xmlunit/xmlunit-core/2.6.2/xmlunit-core-2.6.2.jar, file:/Users/onlyone/M2/javax/xml/bind/jaxb-api/2.3.1/jaxb-api-2.3.1.jar, file:/Users/onlyone/M2/javax/activation/javax.activation-api/1.2.0/javax.activation-api-1.2.0.jar, file:/Users/onlyone/M2/org/projectlombok/lombok/1.18.8/lombok-1.18.8.jar, file:/Users/onlyone/M2/org/springframework/boot/spring-boot-starter/2.1.5.RELEASE/spring-boot-starter-2.1.5.RELEASE.jar, file:/Users/onlyone/M2/org/springframework/boot/spring-boot/2.1.5.RELEASE/spring-boot-2.1.5.RELEASE.jar, file:/Users/onlyone/M2/org/springframework/boot/spring-boot-autoconfigure/2.1.5.RELEASE/spring-boot-autoconfigure-2.1.5.RELEASE.jar, file:/Users/onlyone/M2/org/springframework/boot/spring-boot-starter-logging/2.1.5.RELEASE/spring-boot-starter-logging-2.1.5.RELEASE.jar, file:/Users/onlyone/M2/ch/qos/logback/logback-classic/1.2.3/logback-classic-1.2.3.jar, file:/Users/onlyone/M2/ch/qos/logback/logback-core/1.2.3/logback-core-1.2.3.jar, file:/Users/onlyone/M2/org/apache/logging/log4j/log4j-to-slf4j/2.11.2/log4j-to-slf4j-2.11.2.jar, file:/Users/onlyone/M2/org/apache/logging/log4j/log4j-api/2.11.2/log4j-api-2.11.2.jar, file:/Users/onlyone/M2/org/slf4j/jul-to-slf4j/1.7.26/jul-to-slf4j-1.7.26.jar, file:/Users/onlyone/M2/javax/annotation/javax.annotation-api/1.3.2/javax.annotation-api-1.3.2.jar, file:/Users/onlyone/M2/org/yaml/snakeyaml/1.23/snakeyaml-1.23.jar, file:/Users/onlyone/M2/com/h2database/h2/1.4.199/h2-1.4.199.jar, file:/Applications/IntelliJ%20IDEA.app/Contents/lib/idea_rt.jar]
2020-11-02 22:02:57.267 [ background-preinit ] - [ DEBUG ] [ o.h.v.m.ResourceBundleMessageInterpolator : 89 ] - Loaded expression factory via original TCCL
2020-11-02 22:02:57.274 [ background-preinit ] - [ DEBUG ] [ o.h.validator.internal.engine.ValidatorFactoryImpl : 578 ] - HV000234: Using org.hibernate.validator.messageinterpolation.ResourceBundleMessageInterpolator as ValidatorFactory-scoped message interpolator.
2020-11-02 22:02:57.274 [ background-preinit ] - [ DEBUG ] [ o.h.validator.internal.engine.ValidatorFactoryImpl : 579 ] - HV000234: Using org.hibernate.validator.internal.engine.resolver.TraverseAllTraversableResolver as ValidatorFactory-scoped traversable resolver.
2020-11-02 22:02:57.274 [ background-preinit ] - [ DEBUG ] [ o.h.validator.internal.engine.ValidatorFactoryImpl : 580 ] - HV000234: Using org.hibernate.validator.internal.util.ExecutableParameterNameProvider as ValidatorFactory-scoped parameter name provider.
2020-11-02 22:02:57.274 [ background-preinit ] - [ DEBUG ] [ o.h.validator.internal.engine.ValidatorFactoryImpl : 581 ] - HV000234: Using org.hibernate.validator.internal.engine.DefaultClockProvider as ValidatorFactory-scoped clock provider.
2020-11-02 22:02:57.275 [ background-preinit ] - [ DEBUG ] [ o.h.validator.internal.engine.ValidatorFactoryImpl : 582 ] - HV000234: Using org.hibernate.validator.internal.engine.scripting.DefaultScriptEvaluatorFactory as ValidatorFactory-scoped script evaluator factory.
2020-11-02 22:02:57.739 [ main ] - [ ERROR ] [ org.springframework.boot.SpringApplication : 858 ] - Application run failed
java.lang.IllegalStateException: Logback configuration error detected: 
ERROR in ch.qos.logback.core.joran.spi.Interpreter@14:19 - no applicable action for [Encoding], current ElementPath  is [[configuration][appender][Encoding]]
ERROR in ch.qos.logback.core.joran.spi.Interpreter@26:19 - no applicable action for [Encoding], current ElementPath  is [[configuration][appender][Encoding]]
	at org.springframework.boot.logging.logback.LogbackLoggingSystem.loadConfiguration(LogbackLoggingSystem.java:169)
	at org.springframework.boot.logging.logback.LogbackLoggingSystem.reinitialize(LogbackLoggingSystem.java:224)
	at org.springframework.boot.logging.AbstractLoggingSystem.initializeWithConventions(AbstractLoggingSystem.java:75)
	at org.springframework.boot.logging.AbstractLoggingSystem.initialize(AbstractLoggingSystem.java:60)
	at org.springframework.boot.logging.logback.LogbackLoggingSystem.initialize(LogbackLoggingSystem.java:117)
	at org.springframework.boot.context.logging.LoggingApplicationListener.initializeSystem(LoggingApplicationListener.java:292)
	at org.springframework.boot.context.logging.LoggingApplicationListener.initialize(LoggingApplicationListener.java:265)
	at org.springframework.boot.context.logging.LoggingApplicationListener.onApplicationEnvironmentPreparedEvent(LoggingApplicationListener.java:228)
	at org.springframework.boot.context.logging.LoggingApplicationListener.onApplicationEvent(LoggingApplicationListener.java:201)
	at org.springframework.context.event.SimpleApplicationEventMulticaster.doInvokeListener(SimpleApplicationEventMulticaster.java:172)
	at org.springframework.context.event.SimpleApplicationEventMulticaster.invokeListener(SimpleApplicationEventMulticaster.java:165)
	at org.springframework.context.event.SimpleApplicationEventMulticaster.multicastEvent(SimpleApplicationEventMulticaster.java:139)
	at org.springframework.context.event.SimpleApplicationEventMulticaster.multicastEvent(SimpleApplicationEventMulticaster.java:127)
	at org.springframework.boot.context.event.EventPublishingRunListener.environmentPrepared(EventPublishingRunListener.java:75)
	at org.springframework.boot.SpringApplicationRunListeners.environmentPrepared(SpringApplicationRunListeners.java:54)
	at org.springframework.boot.SpringApplication.prepareEnvironment(SpringApplication.java:347)
	at org.springframework.boot.SpringApplication.run(SpringApplication.java:306)
	at org.springframework.boot.test.context.SpringBootContextLoader.loadContext(SpringBootContextLoader.java:127)
	at org.springframework.test.context.cache.DefaultCacheAwareContextLoaderDelegate.loadContextInternal(DefaultCacheAwareContextLoaderDelegate.java:99)
	at org.springframework.test.context.cache.DefaultCacheAwareContextLoaderDelegate.loadContext(DefaultCacheAwareContextLoaderDelegate.java:117)
	at org.springframework.test.context.support.DefaultTestContext.getApplicationContext(DefaultTestContext.java:108)
	at org.springframework.test.context.web.ServletTestExecutionListener.setUpRequestContextIfNecessary(ServletTestExecutionListener.java:190)
	at org.springframework.test.context.web.ServletTestExecutionListener.prepareTestInstance(ServletTestExecutionListener.java:132)
	at org.springframework.test.context.TestContextManager.prepareTestInstance(TestContextManager.java:246)
	at org.springframework.test.context.junit4.SpringJUnit4ClassRunner.createTest(SpringJUnit4ClassRunner.java:227)
	at org.springframework.test.context.junit4.SpringJUnit4ClassRunner$1.runReflectiveCall(SpringJUnit4ClassRunner.java:289)
	at org.junit.internal.runners.model.ReflectiveCallable.run(ReflectiveCallable.java:12)
	at org.springframework.test.context.junit4.SpringJUnit4ClassRunner.methodBlock(SpringJUnit4ClassRunner.java:291)
	at org.springframework.test.context.junit4.SpringJUnit4ClassRunner.runChild(SpringJUnit4ClassRunner.java:246)
	at org.springframework.test.context.junit4.SpringJUnit4ClassRunner.runChild(SpringJUnit4ClassRunner.java:97)
	at org.junit.runners.ParentRunner$3.run(ParentRunner.java:290)
	at org.junit.runners.ParentRunner$1.schedule(ParentRunner.java:71)
	at org.junit.runners.ParentRunner.runChildren(ParentRunner.java:288)
	at org.junit.runners.ParentRunner.access$000(ParentRunner.java:58)
	at org.junit.runners.ParentRunner$2.evaluate(ParentRunner.java:268)
	at org.springframework.test.context.junit4.statements.RunBeforeTestClassCallbacks.evaluate(RunBeforeTestClassCallbacks.java:61)
	at org.springframework.test.context.junit4.statements.RunAfterTestClassCallbacks.evaluate(RunAfterTestClassCallbacks.java:70)
	at org.junit.runners.ParentRunner.run(ParentRunner.java:363)
	at org.springframework.test.context.junit4.SpringJUnit4ClassRunner.run(SpringJUnit4ClassRunner.java:190)
	at org.junit.runner.JUnitCore.run(JUnitCore.java:137)
	at com.intellij.junit4.JUnit4IdeaTestRunner.startRunnerWithArgs(JUnit4IdeaTestRunner.java:68)
	at com.intellij.rt.junit.IdeaTestRunner$Repeater.startRunnerWithArgs(IdeaTestRunner.java:33)
	at com.intellij.rt.junit.JUnitStarter.prepareStreamsAndStart(JUnitStarter.java:230)
	at com.intellij.rt.junit.JUnitStarter.main(JUnitStarter.java:58)
2020-11-02 22:02:57.740 [ main ] - [ ERROR ] [ o.springframework.test.context.TestContextManager : 250 ] - Caught exception while allowing TestExecutionListener [org.springframework.test.context.web.ServletTestExecutionListener@7e6f74c] to prepare test instance [com.onlyone.UserMapperTest@316bcf94]
java.lang.IllegalStateException: Failed to load ApplicationContext
	at org.springframework.test.context.cache.DefaultCacheAwareContextLoaderDelegate.loadContext(DefaultCacheAwareContextLoaderDelegate.java:125)
	at org.springframework.test.context.support.DefaultTestContext.getApplicationContext(DefaultTestContext.java:108)
	at org.springframework.test.context.web.ServletTestExecutionListener.setUpRequestContextIfNecessary(ServletTestExecutionListener.java:190)
	at org.springframework.test.context.web.ServletTestExecutionListener.prepareTestInstance(ServletTestExecutionListener.java:132)
	at org.springframework.test.context.TestContextManager.prepareTestInstance(TestContextManager.java:246)
	at org.springframework.test.context.junit4.SpringJUnit4ClassRunner.createTest(SpringJUnit4ClassRunner.java:227)
	at org.springframework.test.context.junit4.SpringJUnit4ClassRunner$1.runReflectiveCall(SpringJUnit4ClassRunner.java:289)
	at org.junit.internal.runners.model.ReflectiveCallable.run(ReflectiveCallable.java:12)
	at org.springframework.test.context.junit4.SpringJUnit4ClassRunner.methodBlock(SpringJUnit4ClassRunner.java:291)
	at org.springframework.test.context.junit4.SpringJUnit4ClassRunner.runChild(SpringJUnit4ClassRunner.java:246)
	at org.springframework.test.context.junit4.SpringJUnit4ClassRunner.runChild(SpringJUnit4ClassRunner.java:97)
	at org.junit.runners.ParentRunner$3.run(ParentRunner.java:290)
	at org.junit.runners.ParentRunner$1.schedule(ParentRunner.java:71)
	at org.junit.runners.ParentRunner.runChildren(ParentRunner.java:288)
	at org.junit.runners.ParentRunner.access$000(ParentRunner.java:58)
	at org.junit.runners.ParentRunner$2.evaluate(ParentRunner.java:268)
	at org.springframework.test.context.junit4.statements.RunBeforeTestClassCallbacks.evaluate(RunBeforeTestClassCallbacks.java:61)
	at org.springframework.test.context.junit4.statements.RunAfterTestClassCallbacks.evaluate(RunAfterTestClassCallbacks.java:70)
	at org.junit.runners.ParentRunner.run(ParentRunner.java:363)
	at org.springframework.test.context.junit4.SpringJUnit4ClassRunner.run(SpringJUnit4ClassRunner.java:190)
	at org.junit.runner.JUnitCore.run(JUnitCore.java:137)
	at com.intellij.junit4.JUnit4IdeaTestRunner.startRunnerWithArgs(JUnit4IdeaTestRunner.java:68)
	at com.intellij.rt.junit.IdeaTestRunner$Repeater.startRunnerWithArgs(IdeaTestRunner.java:33)
	at com.intellij.rt.junit.JUnitStarter.prepareStreamsAndStart(JUnitStarter.java:230)
	at com.intellij.rt.junit.JUnitStarter.main(JUnitStarter.java:58)
Caused by: java.lang.IllegalStateException: Logback configuration error detected: 
ERROR in ch.qos.logback.core.joran.spi.Interpreter@14:19 - no applicable action for [Encoding], current ElementPath  is [[configuration][appender][Encoding]]
ERROR in ch.qos.logback.core.joran.spi.Interpreter@26:19 - no applicable action for [Encoding], current ElementPath  is [[configuration][appender][Encoding]]
	at org.springframework.boot.logging.logback.LogbackLoggingSystem.loadConfiguration(LogbackLoggingSystem.java:169)
	at org.springframework.boot.logging.logback.LogbackLoggingSystem.reinitialize(LogbackLoggingSystem.java:224)
	at org.springframework.boot.logging.AbstractLoggingSystem.initializeWithConventions(AbstractLoggingSystem.java:75)
	at org.springframework.boot.logging.AbstractLoggingSystem.initialize(AbstractLoggingSystem.java:60)
	at org.springframework.boot.logging.logback.LogbackLoggingSystem.initialize(LogbackLoggingSystem.java:117)
	at org.springframework.boot.context.logging.LoggingApplicationListener.initializeSystem(LoggingApplicationListener.java:292)
	at org.springframework.boot.context.logging.LoggingApplicationListener.initialize(LoggingApplicationListener.java:265)
	at org.springframework.boot.context.logging.LoggingApplicationListener.onApplicationEnvironmentPreparedEvent(LoggingApplicationListener.java:228)
	at org.springframework.boot.context.logging.LoggingApplicationListener.onApplicationEvent(LoggingApplicationListener.java:201)
	at org.springframework.context.event.SimpleApplicationEventMulticaster.doInvokeListener(SimpleApplicationEventMulticaster.java:172)
	at org.springframework.context.event.SimpleApplicationEventMulticaster.invokeListener(SimpleApplicationEventMulticaster.java:165)
	at org.springframework.context.event.SimpleApplicationEventMulticaster.multicastEvent(SimpleApplicationEventMulticaster.java:139)
	at org.springframework.context.event.SimpleApplicationEventMulticaster.multicastEvent(SimpleApplicationEventMulticaster.java:127)
	at org.springframework.boot.context.event.EventPublishingRunListener.environmentPrepared(EventPublishingRunListener.java:75)
	at org.springframework.boot.SpringApplicationRunListeners.environmentPrepared(SpringApplicationRunListeners.java:54)
	at org.springframework.boot.SpringApplication.prepareEnvironment(SpringApplication.java:347)
	at org.springframework.boot.SpringApplication.run(SpringApplication.java:306)
	at org.springframework.boot.test.context.SpringBootContextLoader.loadContext(SpringBootContextLoader.java:127)
	at org.springframework.test.context.cache.DefaultCacheAwareContextLoaderDelegate.loadContextInternal(DefaultCacheAwareContextLoaderDelegate.java:99)
	at org.springframework.test.context.cache.DefaultCacheAwareContextLoaderDelegate.loadContext(DefaultCacheAwareContextLoaderDelegate.java:117)
	... 24 common frames omitted
2020-11-02 22:02:57.748 [ main ] - [ DEBUG ] [ o.s.t.c.s.AbstractDirtiesContextTestExecutionListener : 142 ] - After test class: context [DefaultTestContext@710f4dc7 testClass = UserMapperTest, testInstance = [null], testMethod = [null], testException = [null], mergedContextConfiguration = [WebMergedContextConfiguration@1ff4931d testClass = UserMapperTest, locations = '{}', classes = '{class com.weiguanjishu.StartApplication, class com.weiguanjishu.StartApplication}', contextInitializerClasses = '[]', activeProfiles = '{}', propertySourceLocations = '{}', propertySourceProperties = '{org.springframework.boot.test.context.SpringBootTestContextBootstrapper=true}', contextCustomizers = set[org.springframework.boot.test.context.filter.ExcludeFilterContextCustomizer@49070868, org.springframework.boot.test.json.DuplicateJsonObjectContextCustomizerFactory$DuplicateJsonObjectContextCustomizer@28c4711c, org.springframework.boot.test.mock.mockito.MockitoContextCustomizer@0, org.springframework.boot.test.web.client.TestRestTemplateContextCustomizer@3f200884, org.springframework.boot.test.autoconfigure.properties.PropertyMappingContextCustomizer@0, org.springframework.boot.test.autoconfigure.web.servlet.WebDriverContextCustomizerFactory$Customizer@51931956], resourceBasePath = 'src/main/webapp', contextLoader = 'org.springframework.boot.test.context.SpringBootContextLoader', parent = [null]], attributes = map['org.springframework.test.context.web.ServletTestExecutionListener.activateListener' -> true]], class annotated with @DirtiesContext [false] with mode [null].
